11:19:28 **** Incremental Build of configuration Nios II for project digital_Theremin ****
make all 
Info: Building ../digital_Theremin_bsp/
C:/intelFPGA/17.1/nios2eds/bin/gnu/H-x86_64-mingw32/bin/make --no-print-directory -C ../digital_Theremin_bsp/
[BSP build complete]
[digital_Theremin build complete]
12:01:33 **** Build of configuration Nios II for project digital_Theremin ****
make all 
Info: Building ../digital_Theremin_bsp/
C:/intelFPGA/17.1/nios2eds/bin/gnu/H-x86_64-mingw32/bin/make --no-print-directory -C ../digital_Theremin_bsp/
[BSP build complete]
[digital_Theremin build complete]
12:01:36 **** Incremental Build of configuration Nios II for project digital_Theremin ****
make all 
Info: Building ../digital_Theremin_bsp/
C:/intelFPGA/17.1/nios2eds/bin/gnu/H-x86_64-mingw32/bin/make --no-print-directory -C ../digital_Theremin_bsp/
[BSP build complete]
[digital_Theremin build complete]
13:02:43 **** Build of configuration Nios II for project digital_Theremin ****
make all 
Info: Building ../digital_Theremin_bsp/
C:/intelFPGA/17.1/nios2eds/bin/gnu/H-x86_64-mingw32/bin/make --no-print-directory -C ../digital_Theremin_bsp/
Compiling alt_alarm_start.c...
nios2-elf-gcc -xc -MP -MMD -c  -I./HAL/inc -I. -I./drivers/inc -pipe -D__hal__ -DALT_NO_INSTRUCTION_EMULATION -DALT_SINGLE_THREADED    -O0 -g -Wall  -mhw-div -mhw-mul -mno-hw-mulx -mgpopt=global   -o obj/HAL/src/alt_alarm_start.o HAL/src/alt_alarm_start.c
Compiling alt_busy_sleep.c...
nios2-elf-gcc -xc -MP -MMD -c  -I./HAL/inc -I. -I./drivers/inc -pipe -D__hal__ -DALT_NO_INSTRUCTION_EMULATION -DALT_SINGLE_THREADED    -O0 -g -Wall  -mhw-div -mhw-mul -mno-hw-mulx -mgpopt=global   -o obj/HAL/src/alt_busy_sleep.o HAL/src/alt_busy_sleep.c
Compiling alt_close.c...
nios2-elf-gcc -xc -MP -MMD -c  -I./HAL/inc -I. -I./drivers/inc -pipe -D__hal__ -DALT_NO_INSTRUCTION_EMULATION -DALT_SINGLE_THREADED    -O0 -g -Wall  -mhw-div -mhw-mul -mno-hw-mulx -mgpopt=global   -o obj/HAL/src/alt_close.o HAL/src/alt_close.c
Compiling alt_dcache_flush.c...
nios2-elf-gcc -xc -MP -MMD -c  -I./HAL/inc -I. -I./drivers/inc -pipe -D__hal__ -DALT_NO_INSTRUCTION_EMULATION -DALT_SINGLE_THREADED    -O0 -g -Wall  -mhw-div -mhw-mul -mno-hw-mulx -mgpopt=global   -o obj/HAL/src/alt_dcache_flush.o HAL/src/alt_dcache_flush.c
Compiling alt_dcache_flush_all.c...
nios2-elf-gcc -xc -MP -MMD -c  -I./HAL/inc -I. -I./drivers/inc -pipe -D__hal__ -DALT_NO_INSTRUCTION_EMULATION -DALT_SINGLE_THREADED    -O0 -g -Wall  -mhw-div -mhw-mul -mno-hw-mulx -mgpopt=global   -o obj/HAL/src/alt_dcache_flush_all.o HAL/src/alt_dcache_flush_all.c
Compiling alt_dcache_flush_no_writeback.c...
nios2-elf-gcc -xc -MP -MMD -c  -I./HAL/inc -I. -I./drivers/inc -pipe -D__hal__ -DALT_NO_INSTRUCTION_EMULATION -DALT_SINGLE_THREADED    -O0 -g -Wall  -mhw-div -mhw-mul -mno-hw-mulx -mgpopt=global   -o obj/HAL/src/alt_dcache_flush_no_writeback.o HAL/src/alt_dcache_flush_no_writeback.c
Compiling alt_dev.c...
nios2-elf-gcc -xc -MP -MMD -c  -I./HAL/inc -I. -I./drivers/inc -pipe -D__hal__ -DALT_NO_INSTRUCTION_EMULATION -DALT_SINGLE_THREADED    -O0 -g -Wall  -mhw-div -mhw-mul -mno-hw-mulx -mgpopt=global   -o obj/HAL/src/alt_dev.o HAL/src/alt_dev.c
Compiling alt_dma_rxchan_open.c...
nios2-elf-gcc -xc -MP -MMD -c  -I./HAL/inc -I. -I./drivers/inc -pipe -D__hal__ -DALT_NO_INSTRUCTION_EMULATION -DALT_SINGLE_THREADED    -O0 -g -Wall  -mhw-div -mhw-mul -mno-hw-mulx -mgpopt=global   -o obj/HAL/src/alt_dma_rxchan_open.o HAL/src/alt_dma_rxchan_open.c
Compiling alt_dma_txchan_open.c...
nios2-elf-gcc -xc -MP -MMD -c  -I./HAL/inc -I. -I./drivers/inc -pipe -D__hal__ -DALT_NO_INSTRUCTION_EMULATION -DALT_SINGLE_THREADED    -O0 -g -Wall  -mhw-div -mhw-mul -mno-hw-mulx -mgpopt=global   -o obj/HAL/src/alt_dma_txchan_open.o HAL/src/alt_dma_txchan_open.c
Compiling alt_ecc_fatal_exception.c...
nios2-elf-gcc -xc -MP -MMD -c  -I./HAL/inc -I. -I./drivers/inc -pipe -D__hal__ -DALT_NO_INSTRUCTION_EMULATION -DALT_SINGLE_THREADED    -O0 -g -Wall  -mhw-div -mhw-mul -mno-hw-mulx -mgpopt=global   -o obj/HAL/src/alt_ecc_fatal_exception.o HAL/src/alt_ecc_fatal_exception.c
Compiling alt_exception_entry.S...
nios2-elf-gcc -MP -MMD -c   -O0 -g -Wall  -mhw-div -mhw-mul -mno-hw-mulx -mgpopt=global    -I./HAL/inc -I. -I./drivers/inc -pipe -D__hal__ -DALT_NO_INSTRUCTION_EMULATION -DALT_SINGLE_THREADED  -Wa,-gdwarf2  -o obj/HAL/src/alt_exception_entry.o HAL/src/alt_exception_entry.S
Compiling alt_exit.c...
nios2-elf-gcc -xc -MP -MMD -c  -I./HAL/inc -I. -I./drivers/inc -pipe -D__hal__ -DALT_NO_INSTRUCTION_EMULATION -DALT_SINGLE_THREADED    -O0 -g -Wall  -mhw-div -mhw-mul -mno-hw-mulx -mgpopt=global   -o obj/HAL/src/alt_exit.o HAL/src/alt_exit.c
Compiling alt_fcntl.c...
nios2-elf-gcc -xc -MP -MMD -c  -I./HAL/inc -I. -I./drivers/inc -pipe -D__hal__ -DALT_NO_INSTRUCTION_EMULATION -DALT_SINGLE_THREADED    -O0 -g -Wall  -mhw-div -mhw-mul -mno-hw-mulx -mgpopt=global   -o obj/HAL/src/alt_fcntl.o HAL/src/alt_fcntl.c
Compiling alt_fd_lock.c...
nios2-elf-gcc -xc -MP -MMD -c  -I./HAL/inc -I. -I./drivers/inc -pipe -D__hal__ -DALT_NO_INSTRUCTION_EMULATION -DALT_SINGLE_THREADED    -O0 -g -Wall  -mhw-div -mhw-mul -mno-hw-mulx -mgpopt=global   -o obj/HAL/src/alt_fd_lock.o HAL/src/alt_fd_lock.c
Compiling alt_fd_unlock.c...
nios2-elf-gcc -xc -MP -MMD -c  -I./HAL/inc -I. -I./drivers/inc -pipe -D__hal__ -DALT_NO_INSTRUCTION_EMULATION -DALT_SINGLE_THREADED    -O0 -g -Wall  -mhw-div -mhw-mul -mno-hw-mulx -mgpopt=global   -o obj/HAL/src/alt_fd_unlock.o HAL/src/alt_fd_unlock.c
Compiling alt_find_dev.c...
nios2-elf-gcc -xc -MP -MMD -c  -I./HAL/inc -I. -I./drivers/inc -pipe -D__hal__ -DALT_NO_INSTRUCTION_EMULATION -DALT_SINGLE_THREADED    -O0 -g -Wall  -mhw-div -mhw-mul -mno-hw-mulx -mgpopt=global   -o obj/HAL/src/alt_find_dev.o HAL/src/alt_find_dev.c
Compiling alt_find_file.c...
nios2-elf-gcc -xc -MP -MMD -c  -I./HAL/inc -I. -I./drivers/inc -pipe -D__hal__ -DALT_NO_INSTRUCTION_EMULATION -DALT_SINGLE_THREADED    -O0 -g -Wall  -mhw-div -mhw-mul -mno-hw-mulx -mgpopt=global   -o obj/HAL/src/alt_find_file.o HAL/src/alt_find_file.c
Compiling alt_flash_dev.c...
nios2-elf-gcc -xc -MP -MMD -c  -I./HAL/inc -I. -I./drivers/inc -pipe -D__hal__ -DALT_NO_INSTRUCTION_EMULATION -DALT_SINGLE_THREADED    -O0 -g -Wall  -mhw-div -mhw-mul -mno-hw-mulx -mgpopt=global   -o obj/HAL/src/alt_flash_dev.o HAL/src/alt_flash_dev.c
Compiling alt_fs_reg.c...
nios2-elf-gcc -xc -MP -MMD -c  -I./HAL/inc -I. -I./drivers/inc -pipe -D__hal__ -DALT_NO_INSTRUCTION_EMULATION -DALT_SINGLE_THREADED    -O0 -g -Wall  -mhw-div -mhw-mul -mno-hw-mulx -mgpopt=global   -o obj/HAL/src/alt_fs_reg.o HAL/src/alt_fs_reg.c
Compiling alt_fstat.c...
nios2-elf-gcc -xc -MP -MMD -c  -I./HAL/inc -I. -I./drivers/inc -pipe -D__hal__ -DALT_NO_INSTRUCTION_EMULATION -DALT_SINGLE_THREADED    -O0 -g -Wall  -mhw-div -mhw-mul -mno-hw-mulx -mgpopt=global   -o obj/HAL/src/alt_fstat.o HAL/src/alt_fstat.c
Compiling alt_get_fd.c...
nios2-elf-gcc -xc -MP -MMD -c  -I./HAL/inc -I. -I./drivers/inc -pipe -D__hal__ -DALT_NO_INSTRUCTION_EMULATION -DALT_SINGLE_THREADED    -O0 -g -Wall  -mhw-div -mhw-mul -mno-hw-mulx -mgpopt=global   -o obj/HAL/src/alt_get_fd.o HAL/src/alt_get_fd.c
Compiling alt_gmon.c...
nios2-elf-gcc -xc -MP -MMD -c  -I./HAL/inc -I. -I./drivers/inc -pipe -D__hal__ -DALT_NO_INSTRUCTION_EMULATION -DALT_SINGLE_THREADED    -O0 -g -Wall  -mhw-div -mhw-mul -mno-hw-mulx -mgpopt=global   -o obj/HAL/src/alt_gmon.o HAL/src/alt_gmon.c
Compiling alt_icache_flush.c...
nios2-elf-gcc -xc -MP -MMD -c  -I./HAL/inc -I. -I./drivers/inc -pipe -D__hal__ -DALT_NO_INSTRUCTION_EMULATION -DALT_SINGLE_THREADED    -O0 -g -Wall  -mhw-div -mhw-mul -mno-hw-mulx -mgpopt=global   -o obj/HAL/src/alt_icache_flush.o HAL/src/alt_icache_flush.c
Compiling alt_icache_flush_all.c...
nios2-elf-gcc -xc -MP -MMD -c  -I./HAL/inc -I. -I./drivers/inc -pipe -D__hal__ -DALT_NO_INSTRUCTION_EMULATION -DALT_SINGLE_THREADED    -O0 -g -Wall  -mhw-div -mhw-mul -mno-hw-mulx -mgpopt=global   -o obj/HAL/src/alt_icache_flush_all.o HAL/src/alt_icache_flush_all.c
Compiling alt_iic.c...
nios2-elf-gcc -xc -MP -MMD -c  -I./HAL/inc -I. -I./drivers/inc -pipe -D__hal__ -DALT_NO_INSTRUCTION_EMULATION -DALT_SINGLE_THREADED    -O0 -g -Wall  -mhw-div -mhw-mul -mno-hw-mulx -mgpopt=global   -o obj/HAL/src/alt_iic.o HAL/src/alt_iic.c
Compiling alt_iic_isr_register.c...
nios2-elf-gcc -xc -MP -MMD -c  -I./HAL/inc -I. -I./drivers/inc -pipe -D__hal__ -DALT_NO_INSTRUCTION_EMULATION -DALT_SINGLE_THREADED    -O0 -g -Wall  -mhw-div -mhw-mul -mno-hw-mulx -mgpopt=global   -o obj/HAL/src/alt_iic_isr_register.o HAL/src/alt_iic_isr_register.c
Compiling alt_instruction_exception_entry.c...
nios2-elf-gcc -xc -MP -MMD -c  -I./HAL/inc -I. -I./drivers/inc -pipe -D__hal__ -DALT_NO_INSTRUCTION_EMULATION -DALT_SINGLE_THREADED    -O0 -g -Wall  -mhw-div -mhw-mul -mno-hw-mulx -mgpopt=global   -o obj/HAL/src/alt_instruction_exception_entry.o HAL/src/alt_instruction_exception_entry.c
Compiling alt_instruction_exception_register.c...
nios2-elf-gcc -xc -MP -MMD -c  -I./HAL/inc -I. -I./drivers/inc -pipe -D__hal__ -DALT_NO_INSTRUCTION_EMULATION -DALT_SINGLE_THREADED    -O0 -g -Wall  -mhw-div -mhw-mul -mno-hw-mulx -mgpopt=global   -o obj/HAL/src/alt_instruction_exception_register.o HAL/src/alt_instruction_exception_register.c
Compiling alt_io_redirect.c...
nios2-elf-gcc -xc -MP -MMD -c  -I./HAL/inc -I. -I./drivers/inc -pipe -D__hal__ -DALT_NO_INSTRUCTION_EMULATION -DALT_SINGLE_THREADED    -O0 -g -Wall  -mhw-div -mhw-mul -mno-hw-mulx -mgpopt=global   -o obj/HAL/src/alt_io_redirect.o HAL/src/alt_io_redirect.c
Compiling alt_ioctl.c...
nios2-elf-gcc -xc -MP -MMD -c  -I./HAL/inc -I. -I./drivers/inc -pipe -D__hal__ -DALT_NO_INSTRUCTION_EMULATION -DALT_SINGLE_THREADED    -O0 -g -Wall  -mhw-div -mhw-mul -mno-hw-mulx -mgpopt=global   -o obj/HAL/src/alt_ioctl.o HAL/src/alt_ioctl.c
Compiling alt_irq_entry.S...
nios2-elf-gcc -MP -MMD -c   -O0 -g -Wall  -mhw-div -mhw-mul -mno-hw-mulx -mgpopt=global    -I./HAL/inc -I. -I./drivers/inc -pipe -D__hal__ -DALT_NO_INSTRUCTION_EMULATION -DALT_SINGLE_THREADED  -Wa,-gdwarf2  -o obj/HAL/src/alt_irq_entry.o HAL/src/alt_irq_entry.S
Compiling alt_irq_handler.c...
nios2-elf-gcc -xc -MP -MMD -c  -I./HAL/inc -I. -I./drivers/inc -pipe -D__hal__ -DALT_NO_INSTRUCTION_EMULATION -DALT_SINGLE_THREADED    -O0 -g -Wall  -mhw-div -mhw-mul -mno-hw-mulx -mgpopt=global   -o obj/HAL/src/alt_irq_handler.o HAL/src/alt_irq_handler.c
Compiling alt_irq_register.c...
nios2-elf-gcc -xc -MP -MMD -c  -I./HAL/inc -I. -I./drivers/inc -pipe -D__hal__ -DALT_NO_INSTRUCTION_EMULATION -DALT_SINGLE_THREADED    -O0 -g -Wall  -mhw-div -mhw-mul -mno-hw-mulx -mgpopt=global   -o obj/HAL/src/alt_irq_register.o HAL/src/alt_irq_register.c
Compiling alt_irq_vars.c...
nios2-elf-gcc -xc -MP -MMD -c  -I./HAL/inc -I. -I./drivers/inc -pipe -D__hal__ -DALT_NO_INSTRUCTION_EMULATION -DALT_SINGLE_THREADED    -O0 -g -Wall  -mhw-div -mhw-mul -mno-hw-mulx -mgpopt=global   -o obj/HAL/src/alt_irq_vars.o HAL/src/alt_irq_vars.c
Compiling alt_isatty.c...
nios2-elf-gcc -xc -MP -MMD -c  -I./HAL/inc -I. -I./drivers/inc -pipe -D__hal__ -DALT_NO_INSTRUCTION_EMULATION -DALT_SINGLE_THREADED    -O0 -g -Wall  -mhw-div -mhw-mul -mno-hw-mulx -mgpopt=global   -o obj/HAL/src/alt_isatty.o HAL/src/alt_isatty.c
Compiling alt_lseek.c...
nios2-elf-gcc -xc -MP -MMD -c  -I./HAL/inc -I. -I./drivers/inc -pipe -D__hal__ -DALT_NO_INSTRUCTION_EMULATION -DALT_SINGLE_THREADED    -O0 -g -Wall  -mhw-div -mhw-mul -mno-hw-mulx -mgpopt=global   -o obj/HAL/src/alt_lseek.o HAL/src/alt_lseek.c
Compiling alt_main.c...
nios2-elf-gcc -xc -MP -MMD -c  -I./HAL/inc -I. -I./drivers/inc -pipe -D__hal__ -DALT_NO_INSTRUCTION_EMULATION -DALT_SINGLE_THREADED    -O0 -g -Wall  -mhw-div -mhw-mul -mno-hw-mulx -mgpopt=global   -o obj/HAL/src/alt_main.o HAL/src/alt_main.c
Compiling alt_open.c...
nios2-elf-gcc -xc -MP -MMD -c  -I./HAL/inc -I. -I./drivers/inc -pipe -D__hal__ -DALT_NO_INSTRUCTION_EMULATION -DALT_SINGLE_THREADED    -O0 -g -Wall  -mhw-div -mhw-mul -mno-hw-mulx -mgpopt=global   -o obj/HAL/src/alt_open.o HAL/src/alt_open.c
Compiling alt_read.c...
nios2-elf-gcc -xc -MP -MMD -c  -I./HAL/inc -I. -I./drivers/inc -pipe -D__hal__ -DALT_NO_INSTRUCTION_EMULATION -DALT_SINGLE_THREADED    -O0 -g -Wall  -mhw-div -mhw-mul -mno-hw-mulx -mgpopt=global   -o obj/HAL/src/alt_read.o HAL/src/alt_read.c
Compiling alt_release_fd.c...
nios2-elf-gcc -xc -MP -MMD -c  -I./HAL/inc -I. -I./drivers/inc -pipe -D__hal__ -DALT_NO_INSTRUCTION_EMULATION -DALT_SINGLE_THREADED    -O0 -g -Wall  -mhw-div -mhw-mul -mno-hw-mulx -mgpopt=global   -o obj/HAL/src/alt_release_fd.o HAL/src/alt_release_fd.c
Compiling alt_remap_cached.c...
nios2-elf-gcc -xc -MP -MMD -c  -I./HAL/inc -I. -I./drivers/inc -pipe -D__hal__ -DALT_NO_INSTRUCTION_EMULATION -DALT_SINGLE_THREADED    -O0 -g -Wall  -mhw-div -mhw-mul -mno-hw-mulx -mgpopt=global   -o obj/HAL/src/alt_remap_cached.o HAL/src/alt_remap_cached.c
Compiling alt_remap_uncached.c...
nios2-elf-gcc -xc -MP -MMD -c  -I./HAL/inc -I. -I./drivers/inc -pipe -D__hal__ -DALT_NO_INSTRUCTION_EMULATION -DALT_SINGLE_THREADED    -O0 -g -Wall  -mhw-div -mhw-mul -mno-hw-mulx -mgpopt=global   -o obj/HAL/src/alt_remap_uncached.o HAL/src/alt_remap_uncached.c
Compiling alt_sbrk.c...
nios2-elf-gcc -xc -MP -MMD -c  -I./HAL/inc -I. -I./drivers/inc -pipe -D__hal__ -DALT_NO_INSTRUCTION_EMULATION -DALT_SINGLE_THREADED    -O0 -g -Wall  -mhw-div -mhw-mul -mno-hw-mulx -mgpopt=global   -o obj/HAL/src/alt_sbrk.o HAL/src/alt_sbrk.c
Compiling alt_software_exception.S...
nios2-elf-gcc -MP -MMD -c   -O0 -g -Wall  -mhw-div -mhw-mul -mno-hw-mulx -mgpopt=global    -I./HAL/inc -I. -I./drivers/inc -pipe -D__hal__ -DALT_NO_INSTRUCTION_EMULATION -DALT_SINGLE_THREADED  -Wa,-gdwarf2  -o obj/HAL/src/alt_software_exception.o HAL/src/alt_software_exception.S
Compiling alt_tick.c...
nios2-elf-gcc -xc -MP -MMD -c  -I./HAL/inc -I. -I./drivers/inc -pipe -D__hal__ -DALT_NO_INSTRUCTION_EMULATION -DALT_SINGLE_THREADED    -O0 -g -Wall  -mhw-div -mhw-mul -mno-hw-mulx -mgpopt=global   -o obj/HAL/src/alt_tick.o HAL/src/alt_tick.c
Compiling alt_uncached_free.c...
nios2-elf-gcc -xc -MP -MMD -c  -I./HAL/inc -I. -I./drivers/inc -pipe -D__hal__ -DALT_NO_INSTRUCTION_EMULATION -DALT_SINGLE_THREADED    -O0 -g -Wall  -mhw-div -mhw-mul -mno-hw-mulx -mgpopt=global   -o obj/HAL/src/alt_uncached_free.o HAL/src/alt_uncached_free.c
Compiling alt_uncached_malloc.c...
nios2-elf-gcc -xc -MP -MMD -c  -I./HAL/inc -I. -I./drivers/inc -pipe -D__hal__ -DALT_NO_INSTRUCTION_EMULATION -DALT_SINGLE_THREADED    -O0 -g -Wall  -mhw-div -mhw-mul -mno-hw-mulx -mgpopt=global   -o obj/HAL/src/alt_uncached_malloc.o HAL/src/alt_uncached_malloc.c
Compiling alt_write.c...
nios2-elf-gcc -xc -MP -MMD -c  -I./HAL/inc -I. -I./drivers/inc -pipe -D__hal__ -DALT_NO_INSTRUCTION_EMULATION -DALT_SINGLE_THREADED    -O0 -g -Wall  -mhw-div -mhw-mul -mno-hw-mulx -mgpopt=global   -o obj/HAL/src/alt_write.o HAL/src/alt_write.c
Compiling altera_nios2_gen2_irq.c...
nios2-elf-gcc -xc -MP -MMD -c  -I./HAL/inc -I. -I./drivers/inc -pipe -D__hal__ -DALT_NO_INSTRUCTION_EMULATION -DALT_SINGLE_THREADED    -O0 -g -Wall  -mhw-div -mhw-mul -mno-hw-mulx -mgpopt=global   -o obj/HAL/src/altera_nios2_gen2_irq.o HAL/src/altera_nios2_gen2_irq.c
Compiling crt0.S...
nios2-elf-gcc -MP -MMD -c   -O0 -g -Wall  -mhw-div -mhw-mul -mno-hw-mulx -mgpopt=global    -I./HAL/inc -I. -I./drivers/inc -pipe -D__hal__ -DALT_NO_INSTRUCTION_EMULATION -DALT_SINGLE_THREADED  -Wa,-gdwarf2  -o obj/HAL/src/crt0.o HAL/src/crt0.S
Compiling alt_sys_init.c...
nios2-elf-gcc -xc -MP -MMD -c  -I./HAL/inc -I. -I./drivers/inc -pipe -D__hal__ -DALT_NO_INSTRUCTION_EMULATION -DALT_SINGLE_THREADED    -O0 -g -Wall  -mhw-div -mhw-mul -mno-hw-mulx -mgpopt=global   -o obj/alt_sys_init.o alt_sys_init.c
Compiling LT24_Controller.c...
nios2-elf-gcc -xc -MP -MMD -c  -I./HAL/inc -I. -I./drivers/inc -pipe -D__hal__ -DALT_NO_INSTRUCTION_EMULATION -DALT_SINGLE_THREADED    -O0 -g -Wall  -mhw-div -mhw-mul -mno-hw-mulx -mgpopt=global   -o obj/drivers/src/LT24_Controller.o drivers/src/LT24_Controller.c
drivers/src/LT24_Controller.c: In function 'LCD_Init':
drivers/src/LT24_Controller.c:137:16: warning: unused variable 'data4' [-Wunused-variable]
  alt_u16 data3,data4;
                ^
drivers/src/LT24_Controller.c:137:10: warning: unused variable 'data3' [-Wunused-variable]
  alt_u16 data3,data4;
          ^
drivers/src/LT24_Controller.c:136:16: warning: unused variable 'data2' [-Wunused-variable]
  alt_u16 data1,data2;
                ^
drivers/src/LT24_Controller.c:136:10: warning: unused variable 'data1' [-Wunused-variable]
  alt_u16 data1,data2;
          ^
Compiling Pitch_generation.c...
nios2-elf-gcc -xc -MP -MMD -c  -I./HAL/inc -I. -I./drivers/inc -pipe -D__hal__ -DALT_NO_INSTRUCTION_EMULATION -DALT_SINGLE_THREADED    -O0 -g -Wall  -mhw-div -mhw-mul -mno-hw-mulx -mgpopt=global   -o obj/drivers/src/Pitch_generation.o drivers/src/Pitch_generation.c
Compiling Volume_generation.c...
nios2-elf-gcc -xc -MP -MMD -c  -I./HAL/inc -I. -I./drivers/inc -pipe -D__hal__ -DALT_NO_INSTRUCTION_EMULATION -DALT_SINGLE_THREADED    -O0 -g -Wall  -mhw-div -mhw-mul -mno-hw-mulx -mgpopt=global   -o obj/drivers/src/Volume_generation.o drivers/src/Volume_generation.c
Compiling altera_avalon_jtag_uart_fd.c...
nios2-elf-gcc -xc -MP -MMD -c  -I./HAL/inc -I. -I./drivers/inc -pipe -D__hal__ -DALT_NO_INSTRUCTION_EMULATION -DALT_SINGLE_THREADED    -O0 -g -Wall  -mhw-div -mhw-mul -mno-hw-mulx -mgpopt=global   -o obj/drivers/src/altera_avalon_jtag_uart_fd.o drivers/src/altera_avalon_jtag_uart_fd.c
Compiling altera_avalon_jtag_uart_init.c...
nios2-elf-gcc -xc -MP -MMD -c  -I./HAL/inc -I. -I./drivers/inc -pipe -D__hal__ -DALT_NO_INSTRUCTION_EMULATION -DALT_SINGLE_THREADED    -O0 -g -Wall  -mhw-div -mhw-mul -mno-hw-mulx -mgpopt=global   -o obj/drivers/src/altera_avalon_jtag_uart_init.o drivers/src/altera_avalon_jtag_uart_init.c
Compiling altera_avalon_jtag_uart_ioctl.c...
nios2-elf-gcc -xc -MP -MMD -c  -I./HAL/inc -I. -I./drivers/inc -pipe -D__hal__ -DALT_NO_INSTRUCTION_EMULATION -DALT_SINGLE_THREADED    -O0 -g -Wall  -mhw-div -mhw-mul -mno-hw-mulx -mgpopt=global   -o obj/drivers/src/altera_avalon_jtag_uart_ioctl.o drivers/src/altera_avalon_jtag_uart_ioctl.c
Compiling altera_avalon_jtag_uart_read.c...
nios2-elf-gcc -xc -MP -MMD -c  -I./HAL/inc -I. -I./drivers/inc -pipe -D__hal__ -DALT_NO_INSTRUCTION_EMULATION -DALT_SINGLE_THREADED    -O0 -g -Wall  -mhw-div -mhw-mul -mno-hw-mulx -mgpopt=global   -o obj/drivers/src/altera_avalon_jtag_uart_read.o drivers/src/altera_avalon_jtag_uart_read.c
Compiling altera_avalon_jtag_uart_write.c...
nios2-elf-gcc -xc -MP -MMD -c  -I./HAL/inc -I. -I./drivers/inc -pipe -D__hal__ -DALT_NO_INSTRUCTION_EMULATION -DALT_SINGLE_THREADED    -O0 -g -Wall  -mhw-div -mhw-mul -mno-hw-mulx -mgpopt=global   -o obj/drivers/src/altera_avalon_jtag_uart_write.o drivers/src/altera_avalon_jtag_uart_write.c
Compiling altera_avalon_sysid_qsys.c...
nios2-elf-gcc -xc -MP -MMD -c  -I./HAL/inc -I. -I./drivers/inc -pipe -D__hal__ -DALT_NO_INSTRUCTION_EMULATION -DALT_SINGLE_THREADED    -O0 -g -Wall  -mhw-div -mhw-mul -mno-hw-mulx -mgpopt=global   -o obj/drivers/src/altera_avalon_sysid_qsys.o drivers/src/altera_avalon_sysid_qsys.c
Compiling altera_avalon_timer_sc.c...
nios2-elf-gcc -xc -MP -MMD -c  -I./HAL/inc -I. -I./drivers/inc -pipe -D__hal__ -DALT_NO_INSTRUCTION_EMULATION -DALT_SINGLE_THREADED    -O0 -g -Wall  -mhw-div -mhw-mul -mno-hw-mulx -mgpopt=global   -o obj/drivers/src/altera_avalon_timer_sc.o drivers/src/altera_avalon_timer_sc.c
Compiling altera_avalon_timer_ts.c...
nios2-elf-gcc -xc -MP -MMD -c  -I./HAL/inc -I. -I./drivers/inc -pipe -D__hal__ -DALT_NO_INSTRUCTION_EMULATION -DALT_SINGLE_THREADED    -O0 -g -Wall  -mhw-div -mhw-mul -mno-hw-mulx -mgpopt=global   -o obj/drivers/src/altera_avalon_timer_ts.o drivers/src/altera_avalon_timer_ts.c
Compiling altera_avalon_timer_vars.c...
nios2-elf-gcc -xc -MP -MMD -c  -I./HAL/inc -I. -I./drivers/inc -pipe -D__hal__ -DALT_NO_INSTRUCTION_EMULATION -DALT_SINGLE_THREADED    -O0 -g -Wall  -mhw-div -mhw-mul -mno-hw-mulx -mgpopt=global   -o obj/drivers/src/altera_avalon_timer_vars.o drivers/src/altera_avalon_timer_vars.c
Compiling altera_up_avalon_audio_and_video_config.c...
nios2-elf-gcc -xc -MP -MMD -c  -I./HAL/inc -I. -I./drivers/inc -pipe -D__hal__ -DALT_NO_INSTRUCTION_EMULATION -DALT_SINGLE_THREADED    -O0 -g -Wall  -mhw-div -mhw-mul -mno-hw-mulx -mgpopt=global   -o obj/drivers/src/altera_up_avalon_audio_and_video_config.o drivers/src/altera_up_avalon_audio_and_video_config.c
Creating libhal_bsp.a...
rm -f -f libhal_bsp.a
nios2-elf-ar -src libhal_bsp.a obj/HAL/src/alt_alarm_start.o obj/HAL/src/alt_busy_sleep.o obj/HAL/src/alt_close.o obj/HAL/src/alt_dcache_flush.o obj/HAL/src/alt_dcache_flush_all.o obj/HAL/src/alt_dcache_flush_no_writeback.o obj/HAL/src/alt_dev.o obj/HAL/src/alt_dev_llist_insert.o obj/HAL/src/alt_dma_rxchan_open.o obj/HAL/src/alt_dma_txchan_open.o obj/HAL/src/alt_do_ctors.o obj/HAL/src/alt_do_dtors.o obj/HAL/src/alt_ecc_fatal_entry.o obj/HAL/src/alt_ecc_fatal_exception.o obj/HAL/src/alt_env_lock.o obj/HAL/src/alt_environ.o obj/HAL/src/alt_errno.o obj/HAL/src/alt_exception_entry.o obj/HAL/src/alt_exception_muldiv.o obj/HAL/src/alt_exception_trap.o obj/HAL/src/alt_execve.o obj/HAL/src/alt_exit.o obj/HAL/src/alt_fcntl.o obj/HAL/src/alt_fd_lock.o obj/HAL/src/alt_fd_unlock.o obj/HAL/src/alt_find_dev.o obj/HAL/src/alt_find_file.o obj/HAL/src/alt_flash_dev.o obj/HAL/src/alt_fork.o obj/HAL/src/alt_fs_reg.o obj/HAL/src/alt_fstat.o obj/HAL/src/alt_get_fd.o obj/HAL/src/alt_getchar.o obj/HAL/src/alt_getpid.o obj/HAL/src/alt_gettod.o obj/HAL/src/alt_gmon.o obj/HAL/src/alt_icache_flush.o obj/HAL/src/alt_icache_flush_all.o obj/HAL/src/alt_iic.o obj/HAL/src/alt_iic_isr_register.o obj/HAL/src/alt_instruction_exception_entry.o obj/HAL/src/alt_instruction_exception_register.o obj/HAL/src/alt_io_redirect.o obj/HAL/src/alt_ioctl.o obj/HAL/src/alt_irq_entry.o obj/HAL/src/alt_irq_handler.o obj/HAL/src/alt_irq_register.o obj/HAL/src/alt_irq_vars.o obj/HAL/src/alt_isatty.o obj/HAL/src/alt_kill.o obj/HAL/src/alt_link.o obj/HAL/src/alt_load.o obj/HAL/src/alt_log_macro.o obj/HAL/src/alt_log_printf.o obj/HAL/src/alt_lseek.o obj/HAL/src/alt_main.o obj/HAL/src/alt_malloc_lock.o obj/HAL/src/alt_mcount.o obj/HAL/src/alt_open.o obj/HAL/src/alt_printf.o obj/HAL/src/alt_putchar.o obj/HAL/src/alt_putcharbuf.o obj/HAL/src/alt_putstr.o obj/HAL/src/alt_read.o obj/HAL/src/alt_release_fd.o obj/HAL/src/alt_remap_cached.o obj/HAL/src/alt_remap_uncached.o obj/HAL/src/alt_rename.o obj/HAL/src/alt_sbrk.o obj/HAL/src/alt_settod.o obj/HAL/src/alt_software_exception.o obj/HAL/src/alt_stat.o obj/HAL/src/alt_tick.o obj/HAL/src/alt_times.o obj/HAL/src/alt_uncached_free.o obj/HAL/src/alt_uncached_malloc.o obj/HAL/src/alt_unlink.o obj/HAL/src/alt_usleep.o obj/HAL/src/alt_wait.o obj/HAL/src/alt_write.o obj/HAL/src/altera_nios2_gen2_irq.o obj/HAL/src/crt0.o obj/alt_sys_init.o obj/drivers/src/LT24_Controller.o obj/drivers/src/Pitch_generation.o obj/drivers/src/Volume_generation.o obj/drivers/src/altera_avalon_jtag_uart_fd.o obj/drivers/src/altera_avalon_jtag_uart_init.o obj/drivers/src/altera_avalon_jtag_uart_ioctl.o obj/drivers/src/altera_avalon_jtag_uart_read.o obj/drivers/src/altera_avalon_jtag_uart_write.o obj/drivers/src/altera_avalon_spi.o obj/drivers/src/altera_avalon_sysid_qsys.o obj/drivers/src/altera_avalon_timer_sc.o obj/drivers/src/altera_avalon_timer_ts.o obj/drivers/src/altera_avalon_timer_vars.o obj/drivers/src/altera_epcq_controller.o obj/drivers/src/altera_up_avalon_audio_and_video_config.o
[BSP build complete]
Info: Compiling audio/audio.c to obj/default/audio/audio.o
nios2-elf-gcc -xc -MP -MMD -c -I../digital_Theremin_bsp//HAL/inc -I../digital_Theremin_bsp/ -I../digital_Theremin_bsp//drivers/inc -Iaudio -Igraphics -Itouch  -pipe -D__hal__ -DALT_NO_INSTRUCTION_EMULATION -DALT_SINGLE_THREADED    -O0 -g -Wall   -mhw-div -mhw-mul -mno-hw-mulx -mgpopt=global  -o obj/default/audio/audio.o audio/audio.c
Info: Compiling graphics/bahnschriftCondensed_22.c to obj/default/graphics/bahnschriftCondensed_22.o
nios2-elf-gcc -xc -MP -MMD -c -I../digital_Theremin_bsp//HAL/inc -I../digital_Theremin_bsp/ -I../digital_Theremin_bsp//drivers/inc -Iaudio -Igraphics -Itouch  -pipe -D__hal__ -DALT_NO_INSTRUCTION_EMULATION -DALT_SINGLE_THREADED    -O0 -g -Wall   -mhw-div -mhw-mul -mno-hw-mulx -mgpopt=global  -o obj/default/graphics/bahnschriftCondensed_22.o graphics/bahnschriftCondensed_22.c
Info: Compiling graphics/gui.c to obj/default/graphics/gui.o
nios2-elf-gcc -xc -MP -MMD -c -I../digital_Theremin_bsp//HAL/inc -I../digital_Theremin_bsp/ -I../digital_Theremin_bsp//drivers/inc -Iaudio -Igraphics -Itouch  -pipe -D__hal__ -DALT_NO_INSTRUCTION_EMULATION -DALT_SINGLE_THREADED    -O0 -g -Wall   -mhw-div -mhw-mul -mno-hw-mulx -mgpopt=global  -o obj/default/graphics/gui.o graphics/gui.c
graphics/gui.c: In function 'draw_main_screen':
graphics/gui.c:24:31: warning: passing argument 4 of 'vid_print_string' from incompatible pointer type [-Wincompatible-pointer-types]
  vid_print_string(80,34,BLACK,&arial_22ptBitmaps,&arial_22ptDescriptors,"Calibrate");
                               ^
In file included from graphics/gui.h:15:0,
                 from graphics/gui.c:9:
graphics/simple_text.h:35:5: note: expected 'const alt_u8 * {aka const unsigned char *}' but argument is of type 'const alt_u8 (*)[5404] {aka const unsigned char (*)[5404]}'
 int vid_print_string(int horiz_offset, int vert_offset, int color, const alt_u8 *font, const alt_u16 (*font_descriptor)[2], char string[]);
     ^
graphics/gui.c:24:50: warning: passing argument 5 of 'vid_print_string' from incompatible pointer type [-Wincompatible-pointer-types]
  vid_print_string(80,34,BLACK,&arial_22ptBitmaps,&arial_22ptDescriptors,"Calibrate");
                                                  ^
In file included from graphics/gui.h:15:0,
                 from graphics/gui.c:9:
graphics/simple_text.h:35:5: note: expected 'const alt_u16 (*)[2] {aka const short unsigned int (*)[2]}' but argument is of type 'const alt_u16 (*)[95][2] {aka const short unsigned int (*)[95][2]}'
 int vid_print_string(int horiz_offset, int vert_offset, int color, const alt_u8 *font, const alt_u16 (*font_descriptor)[2], char string[]);
     ^
graphics/gui.c:26:32: warning: passing argument 4 of 'vid_print_string' from incompatible pointer type [-Wincompatible-pointer-types]
  vid_print_string(80,109,BLACK,&arial_22ptBitmaps,&arial_22ptDescriptors,"Volume");
                                ^
In file included from graphics/gui.h:15:0,
                 from graphics/gui.c:9:
graphics/simple_text.h:35:5: note: expected 'const alt_u8 * {aka const unsigned char *}' but argument is of type 'const alt_u8 (*)[5404] {aka const unsigned char (*)[5404]}'
 int vid_print_string(int horiz_offset, int vert_offset, int color, const alt_u8 *font, const alt_u16 (*font_descriptor)[2], char string[]);
     ^
graphics/gui.c:26:51: warning: passing argument 5 of 'vid_print_string' from incompatible pointer type [-Wincompatible-pointer-types]
  vid_print_string(80,109,BLACK,&arial_22ptBitmaps,&arial_22ptDescriptors,"Volume");
                                                   ^
In file included from graphics/gui.h:15:0,
                 from graphics/gui.c:9:
graphics/simple_text.h:35:5: note: expected 'const alt_u16 (*)[2] {aka const short unsigned int (*)[2]}' but argument is of type 'const alt_u16 (*)[95][2] {aka const short unsigned int (*)[95][2]}'
 int vid_print_string(int horiz_offset, int vert_offset, int color, const alt_u8 *font, const alt_u16 (*font_descriptor)[2], char string[]);
     ^
graphics/gui.c:28:32: warning: passing argument 4 of 'vid_print_string' from incompatible pointer type [-Wincompatible-pointer-types]
  vid_print_string(80,184,BLACK,&arial_22ptBitmaps,&arial_22ptDescriptors,"Play Help");
                                ^
In file included from graphics/gui.h:15:0,
                 from graphics/gui.c:9:
graphics/simple_text.h:35:5: note: expected 'const alt_u8 * {aka const unsigned char *}' but argument is of type 'const alt_u8 (*)[5404] {aka const unsigned char (*)[5404]}'
 int vid_print_string(int horiz_offset, int vert_offset, int color, const alt_u8 *font, const alt_u16 (*font_descriptor)[2], char string[]);
     ^
graphics/gui.c:28:51: warning: passing argument 5 of 'vid_print_string' from incompatible pointer type [-Wincompatible-pointer-types]
  vid_print_string(80,184,BLACK,&arial_22ptBitmaps,&arial_22ptDescriptors,"Play Help");
                                                   ^
In file included from graphics/gui.h:15:0,
                 from graphics/gui.c:9:
graphics/simple_text.h:35:5: note: expected 'const alt_u16 (*)[2] {aka const short unsigned int (*)[2]}' but argument is of type 'const alt_u16 (*)[95][2] {aka const short unsigned int (*)[95][2]}'
 int vid_print_string(int horiz_offset, int vert_offset, int color, const alt_u8 *font, const alt_u16 (*font_descriptor)[2], char string[]);
     ^
graphics/gui.c: In function 'draw_calibrating_screen':
graphics/gui.c:39:31: warning: passing argument 4 of 'vid_print_string' from incompatible pointer type [-Wincompatible-pointer-types]
  vid_print_string(30,50,BLACK,&arial_22ptBitmaps,&arial_22ptDescriptors,"position hands!");
                               ^
In file included from graphics/gui.h:15:0,
                 from graphics/gui.c:9:
graphics/simple_text.h:35:5: note: expected 'const alt_u8 * {aka const unsigned char *}' but argument is of type 'const alt_u8 (*)[5404] {aka const unsigned char (*)[5404]}'
 int vid_print_string(int horiz_offset, int vert_offset, int color, const alt_u8 *font, const alt_u16 (*font_descriptor)[2], char string[]);
     ^
graphics/gui.c:39:50: warning: passing argument 5 of 'vid_print_string' from incompatible pointer type [-Wincompatible-pointer-types]
  vid_print_string(30,50,BLACK,&arial_22ptBitmaps,&arial_22ptDescriptors,"position hands!");
                                                  ^
In file included from graphics/gui.h:15:0,
                 from graphics/gui.c:9:
graphics/simple_text.h:35:5: note: expected 'const alt_u16 (*)[2] {aka const short unsigned int (*)[2]}' but argument is of type 'const alt_u16 (*)[95][2] {aka const short unsigned int (*)[95][2]}'
 int vid_print_string(int horiz_offset, int vert_offset, int color, const alt_u8 *font, const alt_u16 (*font_descriptor)[2], char string[]);
     ^
graphics/gui.c:42:2: warning: implicit declaration of function 'set_calibration_vol_gen' [-Wimplicit-function-declaration]
  set_calibration_vol_gen();
  ^
graphics/gui.c:45:40: warning: implicit declaration of function 'done_calibration_vol_gen' [-Wimplicit-function-declaration]
  while(done_calibration_pitch()!= 2 && done_calibration_vol_gen()!= 2 && cnt_point <= 5){
                                        ^
graphics/gui.c:46:32: warning: passing argument 4 of 'vid_print_string' from incompatible pointer type [-Wincompatible-pointer-types]
   vid_print_string(80,50,BLACK,&arial_22ptBitmaps,&arial_22ptDescriptors,"calibrating");
                                ^
In file included from graphics/gui.h:15:0,
                 from graphics/gui.c:9:
graphics/simple_text.h:35:5: note: expected 'const alt_u8 * {aka const unsigned char *}' but argument is of type 'const alt_u8 (*)[5404] {aka const unsigned char (*)[5404]}'
 int vid_print_string(int horiz_offset, int vert_offset, int color, const alt_u8 *font, const alt_u16 (*font_descriptor)[2], char string[]);
     ^
graphics/gui.c:46:51: warning: passing argument 5 of 'vid_print_string' from incompatible pointer type [-Wincompatible-pointer-types]
   vid_print_string(80,50,BLACK,&arial_22ptBitmaps,&arial_22ptDescriptors,"calibrating");
                                                   ^
In file included from graphics/gui.h:15:0,
                 from graphics/gui.c:9:
graphics/simple_text.h:35:5: note: expected 'const alt_u16 (*)[2] {aka const short unsigned int (*)[2]}' but argument is of type 'const alt_u16 (*)[95][2] {aka const short unsigned int (*)[95][2]}'
 int vid_print_string(int horiz_offset, int vert_offset, int color, const alt_u8 *font, const alt_u16 (*font_descriptor)[2], char string[]);
     ^
graphics/gui.c:48:42: warning: passing argument 4 of 'vid_print_string' from incompatible pointer type [-Wincompatible-pointer-types]
    vid_print_string((150+i*10),100,BLACK,&arial_22ptBitmaps,&arial_22ptDescriptors,".");
                                          ^
In file included from graphics/gui.h:15:0,
                 from graphics/gui.c:9:
graphics/simple_text.h:35:5: note: expected 'const alt_u8 * {aka const unsigned char *}' but argument is of type 'const alt_u8 (*)[5404] {aka const unsigned char (*)[5404]}'
 int vid_print_string(int horiz_offset, int vert_offset, int color, const alt_u8 *font, const alt_u16 (*font_descriptor)[2], char string[]);
     ^
graphics/gui.c:48:61: warning: passing argument 5 of 'vid_print_string' from incompatible pointer type [-Wincompatible-pointer-types]
    vid_print_string((150+i*10),100,BLACK,&arial_22ptBitmaps,&arial_22ptDescriptors,".");
                                                             ^
In file included from graphics/gui.h:15:0,
                 from graphics/gui.c:9:
graphics/simple_text.h:35:5: note: expected 'const alt_u16 (*)[2] {aka const short unsigned int (*)[2]}' but argument is of type 'const alt_u16 (*)[95][2] {aka const short unsigned int (*)[95][2]}'
 int vid_print_string(int horiz_offset, int vert_offset, int color, const alt_u8 *font, const alt_u16 (*font_descriptor)[2], char string[]);
     ^
graphics/gui.c: In function 'draw_calibrating_screen_done':
graphics/gui.c:63:31: warning: passing argument 4 of 'vid_print_string' from incompatible pointer type [-Wincompatible-pointer-types]
  vid_print_string(80,50,BLACK,&arial_22ptBitmaps,&arial_22ptDescriptors,"calibrating");
                               ^
In file included from graphics/gui.h:15:0,
                 from graphics/gui.c:9:
graphics/simple_text.h:35:5: note: expected 'const alt_u8 * {aka const unsigned char *}' but argument is of type 'const alt_u8 (*)[5404] {aka const unsigned char (*)[5404]}'
 int vid_print_string(int horiz_offset, int vert_offset, int color, const alt_u8 *font, const alt_u16 (*font_descriptor)[2], char string[]);
     ^
graphics/gui.c:63:50: warning: passing argument 5 of 'vid_print_string' from incompatible pointer type [-Wincompatible-pointer-types]
  vid_print_string(80,50,BLACK,&arial_22ptBitmaps,&arial_22ptDescriptors,"calibrating");
                                                  ^
In file included from graphics/gui.h:15:0,
                 from graphics/gui.c:9:
graphics/simple_text.h:35:5: note: expected 'const alt_u16 (*)[2] {aka const short unsigned int (*)[2]}' but argument is of type 'const alt_u16 (*)[95][2] {aka const short unsigned int (*)[95][2]}'
 int vid_print_string(int horiz_offset, int vert_offset, int color, const alt_u8 *font, const alt_u16 (*font_descriptor)[2], char string[]);
     ^
graphics/gui.c:64:33: warning: passing argument 4 of 'vid_print_string' from incompatible pointer type [-Wincompatible-pointer-types]
  vid_print_string(150,100,BLACK,&arial_22ptBitmaps,&arial_22ptDescriptors,"done");
                                 ^
In file included from graphics/gui.h:15:0,
                 from graphics/gui.c:9:
graphics/simple_text.h:35:5: note: expected 'const alt_u8 * {aka const unsigned char *}' but argument is of type 'const alt_u8 (*)[5404] {aka const unsigned char (*)[5404]}'
 int vid_print_string(int horiz_offset, int vert_offset, int color, const alt_u8 *font, const alt_u16 (*font_descriptor)[2], char string[]);
     ^
graphics/gui.c:64:52: warning: passing argument 5 of 'vid_print_string' from incompatible pointer type [-Wincompatible-pointer-types]
  vid_print_string(150,100,BLACK,&arial_22ptBitmaps,&arial_22ptDescriptors,"done");
                                                    ^
In file included from graphics/gui.h:15:0,
                 from graphics/gui.c:9:
graphics/simple_text.h:35:5: note: expected 'const alt_u16 (*)[2] {aka const short unsigned int (*)[2]}' but argument is of type 'const alt_u16 (*)[95][2] {aka const short unsigned int (*)[95][2]}'
 int vid_print_string(int horiz_offset, int vert_offset, int color, const alt_u8 *font, const alt_u16 (*font_descriptor)[2], char string[]);
     ^
graphics/gui.c:66:33: warning: passing argument 4 of 'vid_print_string' from incompatible pointer type [-Wincompatible-pointer-types]
  vid_print_string(244,189,BLACK,&arial_22ptBitmaps,&arial_22ptDescriptors,"@");
                                 ^
In file included from graphics/gui.h:15:0,
                 from graphics/gui.c:9:
graphics/simple_text.h:35:5: note: expected 'const alt_u8 * {aka const unsigned char *}' but argument is of type 'const alt_u8 (*)[5404] {aka const unsigned char (*)[5404]}'
 int vid_print_string(int horiz_offset, int vert_offset, int color, const alt_u8 *font, const alt_u16 (*font_descriptor)[2], char string[]);
     ^
graphics/gui.c:66:52: warning: passing argument 5 of 'vid_print_string' from incompatible pointer type [-Wincompatible-pointer-types]
  vid_print_string(244,189,BLACK,&arial_22ptBitmaps,&arial_22ptDescriptors,"@");
                                                    ^
In file included from graphics/gui.h:15:0,
                 from graphics/gui.c:9:
graphics/simple_text.h:35:5: note: expected 'const alt_u16 (*)[2] {aka const short unsigned int (*)[2]}' but argument is of type 'const alt_u16 (*)[95][2] {aka const short unsigned int (*)[95][2]}'
 int vid_print_string(int horiz_offset, int vert_offset, int color, const alt_u8 *font, const alt_u16 (*font_descriptor)[2], char string[]);
     ^
graphics/gui.c: In function 'draw_volume_screen':
graphics/gui.c:76:31: warning: passing argument 4 of 'vid_print_string' from incompatible pointer type [-Wincompatible-pointer-types]
  vid_print_string(10,10,BLACK,&arial_22ptBitmaps,&arial_22ptDescriptors,"Volume");
                               ^
In file included from graphics/gui.h:15:0,
                 from graphics/gui.c:9:
graphics/simple_text.h:35:5: note: expected 'const alt_u8 * {aka const unsigned char *}' but argument is of type 'const alt_u8 (*)[5404] {aka const unsigned char (*)[5404]}'
 int vid_print_string(int horiz_offset, int vert_offset, int color, const alt_u8 *font, const alt_u16 (*font_descriptor)[2], char string[]);
     ^
graphics/gui.c:76:50: warning: passing argument 5 of 'vid_print_string' from incompatible pointer type [-Wincompatible-pointer-types]
  vid_print_string(10,10,BLACK,&arial_22ptBitmaps,&arial_22ptDescriptors,"Volume");
                                                  ^
In file included from graphics/gui.h:15:0,
                 from graphics/gui.c:9:
graphics/simple_text.h:35:5: note: expected 'const alt_u16 (*)[2] {aka const short unsigned int (*)[2]}' but argument is of type 'const alt_u16 (*)[95][2] {aka const short unsigned int (*)[95][2]}'
 int vid_print_string(int horiz_offset, int vert_offset, int color, const alt_u8 *font, const alt_u16 (*font_descriptor)[2], char string[]);
     ^
graphics/gui.c:79:32: warning: passing argument 4 of 'vid_print_string' from incompatible pointer type [-Wincompatible-pointer-types]
  vid_print_string(260,44,BLACK,&arial_22ptBitmaps,&arial_22ptDescriptors,"_");
                                ^
In file included from graphics/gui.h:15:0,
                 from graphics/gui.c:9:
graphics/simple_text.h:35:5: note: expected 'const alt_u8 * {aka const unsigned char *}' but argument is of type 'const alt_u8 (*)[5404] {aka const unsigned char (*)[5404]}'
 int vid_print_string(int horiz_offset, int vert_offset, int color, const alt_u8 *font, const alt_u16 (*font_descriptor)[2], char string[]);
     ^
graphics/gui.c:79:51: warning: passing argument 5 of 'vid_print_string' from incompatible pointer type [-Wincompatible-pointer-types]
  vid_print_string(260,44,BLACK,&arial_22ptBitmaps,&arial_22ptDescriptors,"_");
                                                   ^
In file included from graphics/gui.h:15:0,
                 from graphics/gui.c:9:
graphics/simple_text.h:35:5: note: expected 'const alt_u16 (*)[2] {aka const short unsigned int (*)[2]}' but argument is of type 'const alt_u16 (*)[95][2] {aka const short unsigned int (*)[95][2]}'
 int vid_print_string(int horiz_offset, int vert_offset, int color, const alt_u8 *font, const alt_u16 (*font_descriptor)[2], char string[]);
     ^
graphics/gui.c:81:32: warning: passing argument 4 of 'vid_print_string' from incompatible pointer type [-Wincompatible-pointer-types]
  vid_print_string(175,58,BLACK,&arial_22ptBitmaps,&arial_22ptDescriptors,"+");
                                ^
In file included from graphics/gui.h:15:0,
                 from graphics/gui.c:9:
graphics/simple_text.h:35:5: note: expected 'const alt_u8 * {aka const unsigned char *}' but argument is of type 'const alt_u8 (*)[5404] {aka const unsigned char (*)[5404]}'
 int vid_print_string(int horiz_offset, int vert_offset, int color, const alt_u8 *font, const alt_u16 (*font_descriptor)[2], char string[]);
     ^
graphics/gui.c:81:51: warning: passing argument 5 of 'vid_print_string' from incompatible pointer type [-Wincompatible-pointer-types]
  vid_print_string(175,58,BLACK,&arial_22ptBitmaps,&arial_22ptDescriptors,"+");
                                                   ^
In file included from graphics/gui.h:15:0,
                 from graphics/gui.c:9:
graphics/simple_text.h:35:5: note: expected 'const alt_u16 (*)[2] {aka const short unsigned int (*)[2]}' but argument is of type 'const alt_u16 (*)[95][2] {aka const short unsigned int (*)[95][2]}'
 int vid_print_string(int horiz_offset, int vert_offset, int color, const alt_u8 *font, const alt_u16 (*font_descriptor)[2], char string[]);
     ^
graphics/gui.c:84:33: warning: passing argument 4 of 'vid_print_string' from incompatible pointer type [-Wincompatible-pointer-types]
  vid_print_string(244,189,BLACK,&arial_22ptBitmaps,&arial_22ptDescriptors,"@");
                                 ^
In file included from graphics/gui.h:15:0,
                 from graphics/gui.c:9:
graphics/simple_text.h:35:5: note: expected 'const alt_u8 * {aka const unsigned char *}' but argument is of type 'const alt_u8 (*)[5404] {aka const unsigned char (*)[5404]}'
 int vid_print_string(int horiz_offset, int vert_offset, int color, const alt_u8 *font, const alt_u16 (*font_descriptor)[2], char string[]);
     ^
graphics/gui.c:84:52: warning: passing argument 5 of 'vid_print_string' from incompatible pointer type [-Wincompatible-pointer-types]
  vid_print_string(244,189,BLACK,&arial_22ptBitmaps,&arial_22ptDescriptors,"@");
                                                    ^
In file included from graphics/gui.h:15:0,
                 from graphics/gui.c:9:
graphics/simple_text.h:35:5: note: expected 'const alt_u16 (*)[2] {aka const short unsigned int (*)[2]}' but argument is of type 'const alt_u16 (*)[95][2] {aka const short unsigned int (*)[95][2]}'
 int vid_print_string(int horiz_offset, int vert_offset, int color, const alt_u8 *font, const alt_u16 (*font_descriptor)[2], char string[]);
     ^
graphics/gui.c: In function 'draw_vol_antenna_on_off':
graphics/gui.c:100:33: warning: passing argument 4 of 'vid_print_string' from incompatible pointer type [-Wincompatible-pointer-types]
   vid_print_string(15,126,BLACK,&arial_22ptBitmaps,&arial_22ptDescriptors,"vol antenna on");
                                 ^
In file included from graphics/gui.h:15:0,
                 from graphics/gui.c:9:
graphics/simple_text.h:35:5: note: expected 'const alt_u8 * {aka const unsigned char *}' but argument is of type 'const alt_u8 (*)[5404] {aka const unsigned char (*)[5404]}'
 int vid_print_string(int horiz_offset, int vert_offset, int color, const alt_u8 *font, const alt_u16 (*font_descriptor)[2], char string[]);
     ^
graphics/gui.c:100:52: warning: passing argument 5 of 'vid_print_string' from incompatible pointer type [-Wincompatible-pointer-types]
   vid_print_string(15,126,BLACK,&arial_22ptBitmaps,&arial_22ptDescriptors,"vol antenna on");
                                                    ^
In file included from graphics/gui.h:15:0,
                 from graphics/gui.c:9:
graphics/simple_text.h:35:5: note: expected 'const alt_u16 (*)[2] {aka const short unsigned int (*)[2]}' but argument is of type 'const alt_u16 (*)[95][2] {aka const short unsigned int (*)[95][2]}'
 int vid_print_string(int horiz_offset, int vert_offset, int color, const alt_u8 *font, const alt_u16 (*font_descriptor)[2], char string[]);
     ^
graphics/gui.c:103:33: warning: passing argument 4 of 'vid_print_string' from incompatible pointer type [-Wincompatible-pointer-types]
   vid_print_string(15,126,BLACK,&arial_22ptBitmaps,&arial_22ptDescriptors,"vol antenna off");
                                 ^
In file included from graphics/gui.h:15:0,
                 from graphics/gui.c:9:
graphics/simple_text.h:35:5: note: expected 'const alt_u8 * {aka const unsigned char *}' but argument is of type 'const alt_u8 (*)[5404] {aka const unsigned char (*)[5404]}'
 int vid_print_string(int horiz_offset, int vert_offset, int color, const alt_u8 *font, const alt_u16 (*font_descriptor)[2], char string[]);
     ^
graphics/gui.c:103:52: warning: passing argument 5 of 'vid_print_string' from incompatible pointer type [-Wincompatible-pointer-types]
   vid_print_string(15,126,BLACK,&arial_22ptBitmaps,&arial_22ptDescriptors,"vol antenna off");
                                                    ^
In file included from graphics/gui.h:15:0,
                 from graphics/gui.c:9:
graphics/simple_text.h:35:5: note: expected 'const alt_u16 (*)[2] {aka const short unsigned int (*)[2]}' but argument is of type 'const alt_u16 (*)[95][2] {aka const short unsigned int (*)[95][2]}'
 int vid_print_string(int horiz_offset, int vert_offset, int color, const alt_u8 *font, const alt_u16 (*font_descriptor)[2], char string[]);
     ^
graphics/gui.c: In function 'draw_help_screen':
graphics/gui.c:115:32: warning: passing argument 4 of 'vid_print_string' from incompatible pointer type [-Wincompatible-pointer-types]
  vid_print_string(235,34,BLACK,&arial_22ptBitmaps,&arial_22ptDescriptors,"Set");
                                ^
In file included from graphics/gui.h:15:0,
                 from graphics/gui.c:9:
graphics/simple_text.h:35:5: note: expected 'const alt_u8 * {aka const unsigned char *}' but argument is of type 'const alt_u8 (*)[5404] {aka const unsigned char (*)[5404]}'
 int vid_print_string(int horiz_offset, int vert_offset, int color, const alt_u8 *font, const alt_u16 (*font_descriptor)[2], char string[]);
     ^
graphics/gui.c:115:51: warning: passing argument 5 of 'vid_print_string' from incompatible pointer type [-Wincompatible-pointer-types]
  vid_print_string(235,34,BLACK,&arial_22ptBitmaps,&arial_22ptDescriptors,"Set");
                                                   ^
In file included from graphics/gui.h:15:0,
                 from graphics/gui.c:9:
graphics/simple_text.h:35:5: note: expected 'const alt_u16 (*)[2] {aka const short unsigned int (*)[2]}' but argument is of type 'const alt_u16 (*)[95][2] {aka const short unsigned int (*)[95][2]}'
 int vid_print_string(int horiz_offset, int vert_offset, int color, const alt_u8 *font, const alt_u16 (*font_descriptor)[2], char string[]);
     ^
graphics/gui.c:117:32: warning: passing argument 4 of 'vid_print_string' from incompatible pointer type [-Wincompatible-pointer-types]
  vid_print_string(15,109,BLACK,&arial_22ptBitmaps,&arial_22ptDescriptors,"display pitch");
                                ^
In file included from graphics/gui.h:15:0,
                 from graphics/gui.c:9:
graphics/simple_text.h:35:5: note: expected 'const alt_u8 * {aka const unsigned char *}' but argument is of type 'const alt_u8 (*)[5404] {aka const unsigned char (*)[5404]}'
 int vid_print_string(int horiz_offset, int vert_offset, int color, const alt_u8 *font, const alt_u16 (*font_descriptor)[2], char string[]);
     ^
graphics/gui.c:117:51: warning: passing argument 5 of 'vid_print_string' from incompatible pointer type [-Wincompatible-pointer-types]
  vid_print_string(15,109,BLACK,&arial_22ptBitmaps,&arial_22ptDescriptors,"display pitch");
                                                   ^
In file included from graphics/gui.h:15:0,
                 from graphics/gui.c:9:
graphics/simple_text.h:35:5: note: expected 'const alt_u16 (*)[2] {aka const short unsigned int (*)[2]}' but argument is of type 'const alt_u16 (*)[95][2] {aka const short unsigned int (*)[95][2]}'
 int vid_print_string(int horiz_offset, int vert_offset, int color, const alt_u8 *font, const alt_u16 (*font_descriptor)[2], char string[]);
     ^
graphics/gui.c:120:33: warning: passing argument 4 of 'vid_print_string' from incompatible pointer type [-Wincompatible-pointer-types]
  vid_print_string(244,189,BLACK,&arial_22ptBitmaps,&arial_22ptDescriptors,"@");
                                 ^
In file included from graphics/gui.h:15:0,
                 from graphics/gui.c:9:
graphics/simple_text.h:35:5: note: expected 'const alt_u8 * {aka const unsigned char *}' but argument is of type 'const alt_u8 (*)[5404] {aka const unsigned char (*)[5404]}'
 int vid_print_string(int horiz_offset, int vert_offset, int color, const alt_u8 *font, const alt_u16 (*font_descriptor)[2], char string[]);
     ^
graphics/gui.c:120:52: warning: passing argument 5 of 'vid_print_string' from incompatible pointer type [-Wincompatible-pointer-types]
  vid_print_string(244,189,BLACK,&arial_22ptBitmaps,&arial_22ptDescriptors,"@");
                                                    ^
In file included from graphics/gui.h:15:0,
                 from graphics/gui.c:9:
graphics/simple_text.h:35:5: note: expected 'const alt_u16 (*)[2] {aka const short unsigned int (*)[2]}' but argument is of type 'const alt_u16 (*)[95][2] {aka const short unsigned int (*)[95][2]}'
 int vid_print_string(int horiz_offset, int vert_offset, int color, const alt_u8 *font, const alt_u16 (*font_descriptor)[2], char string[]);
     ^
graphics/gui.c: In function 'draw_glissando_on_off':
graphics/gui.c:127:32: warning: passing argument 4 of 'vid_print_string' from incompatible pointer type [-Wincompatible-pointer-types]
   vid_print_string(15,34,BLACK,&arial_22ptBitmaps,&arial_22ptDescriptors,"Glissando on");
                                ^
In file included from graphics/gui.h:15:0,
                 from graphics/gui.c:9:
graphics/simple_text.h:35:5: note: expected 'const alt_u8 * {aka const unsigned char *}' but argument is of type 'const alt_u8 (*)[5404] {aka const unsigned char (*)[5404]}'
 int vid_print_string(int horiz_offset, int vert_offset, int color, const alt_u8 *font, const alt_u16 (*font_descriptor)[2], char string[]);
     ^
graphics/gui.c:127:51: warning: passing argument 5 of 'vid_print_string' from incompatible pointer type [-Wincompatible-pointer-types]
   vid_print_string(15,34,BLACK,&arial_22ptBitmaps,&arial_22ptDescriptors,"Glissando on");
                                                   ^
In file included from graphics/gui.h:15:0,
                 from graphics/gui.c:9:
graphics/simple_text.h:35:5: note: expected 'const alt_u16 (*)[2] {aka const short unsigned int (*)[2]}' but argument is of type 'const alt_u16 (*)[95][2] {aka const short unsigned int (*)[95][2]}'
 int vid_print_string(int horiz_offset, int vert_offset, int color, const alt_u8 *font, const alt_u16 (*font_descriptor)[2], char string[]);
     ^
graphics/gui.c:130:32: warning: passing argument 4 of 'vid_print_string' from incompatible pointer type [-Wincompatible-pointer-types]
   vid_print_string(15,34,BLACK,&arial_22ptBitmaps,&arial_22ptDescriptors,"Glissando off");
                                ^
In file included from graphics/gui.h:15:0,
                 from graphics/gui.c:9:
graphics/simple_text.h:35:5: note: expected 'const alt_u8 * {aka const unsigned char *}' but argument is of type 'const alt_u8 (*)[5404] {aka const unsigned char (*)[5404]}'
 int vid_print_string(int horiz_offset, int vert_offset, int color, const alt_u8 *font, const alt_u16 (*font_descriptor)[2], char string[]);
     ^
graphics/gui.c:130:51: warning: passing argument 5 of 'vid_print_string' from incompatible pointer type [-Wincompatible-pointer-types]
   vid_print_string(15,34,BLACK,&arial_22ptBitmaps,&arial_22ptDescriptors,"Glissando off");
                                                   ^
In file included from graphics/gui.h:15:0,
                 from graphics/gui.c:9:
graphics/simple_text.h:35:5: note: expected 'const alt_u16 (*)[2] {aka const short unsigned int (*)[2]}' but argument is of type 'const alt_u16 (*)[95][2] {aka const short unsigned int (*)[95][2]}'
 int vid_print_string(int horiz_offset, int vert_offset, int color, const alt_u8 *font, const alt_u16 (*font_descriptor)[2], char string[]);
     ^
graphics/gui.c: In function 'draw_glissando_set':
graphics/gui.c:141:31: warning: passing argument 4 of 'vid_print_string' from incompatible pointer type [-Wincompatible-pointer-types]
  vid_print_string(10,10,BLACK,&arial_22ptBitmaps,&arial_22ptDescriptors,"Delay");
                               ^
In file included from graphics/gui.h:15:0,
                 from graphics/gui.c:9:
graphics/simple_text.h:35:5: note: expected 'const alt_u8 * {aka const unsigned char *}' but argument is of type 'const alt_u8 (*)[5404] {aka const unsigned char (*)[5404]}'
 int vid_print_string(int horiz_offset, int vert_offset, int color, const alt_u8 *font, const alt_u16 (*font_descriptor)[2], char string[]);
     ^
graphics/gui.c:141:50: warning: passing argument 5 of 'vid_print_string' from incompatible pointer type [-Wincompatible-pointer-types]
  vid_print_string(10,10,BLACK,&arial_22ptBitmaps,&arial_22ptDescriptors,"Delay");
                                                  ^
In file included from graphics/gui.h:15:0,
                 from graphics/gui.c:9:
graphics/simple_text.h:35:5: note: expected 'const alt_u16 (*)[2] {aka const short unsigned int (*)[2]}' but argument is of type 'const alt_u16 (*)[95][2] {aka const short unsigned int (*)[95][2]}'
 int vid_print_string(int horiz_offset, int vert_offset, int color, const alt_u8 *font, const alt_u16 (*font_descriptor)[2], char string[]);
     ^
graphics/gui.c:144:32: warning: passing argument 4 of 'vid_print_string' from incompatible pointer type [-Wincompatible-pointer-types]
  vid_print_string(260,44,BLACK,&arial_22ptBitmaps,&arial_22ptDescriptors,"_");
                                ^
In file included from graphics/gui.h:15:0,
                 from graphics/gui.c:9:
graphics/simple_text.h:35:5: note: expected 'const alt_u8 * {aka const unsigned char *}' but argument is of type 'const alt_u8 (*)[5404] {aka const unsigned char (*)[5404]}'
 int vid_print_string(int horiz_offset, int vert_offset, int color, const alt_u8 *font, const alt_u16 (*font_descriptor)[2], char string[]);
     ^
graphics/gui.c:144:51: warning: passing argument 5 of 'vid_print_string' from incompatible pointer type [-Wincompatible-pointer-types]
  vid_print_string(260,44,BLACK,&arial_22ptBitmaps,&arial_22ptDescriptors,"_");
                                                   ^
In file included from graphics/gui.h:15:0,
                 from graphics/gui.c:9:
graphics/simple_text.h:35:5: note: expected 'const alt_u16 (*)[2] {aka const short unsigned int (*)[2]}' but argument is of type 'const alt_u16 (*)[95][2] {aka const short unsigned int (*)[95][2]}'
 int vid_print_string(int horiz_offset, int vert_offset, int color, const alt_u8 *font, const alt_u16 (*font_descriptor)[2], char string[]);
     ^
graphics/gui.c:146:32: warning: passing argument 4 of 'vid_print_string' from incompatible pointer type [-Wincompatible-pointer-types]
  vid_print_string(175,58,BLACK,&arial_22ptBitmaps,&arial_22ptDescriptors,"+");
                                ^
In file included from graphics/gui.h:15:0,
                 from graphics/gui.c:9:
graphics/simple_text.h:35:5: note: expected 'const alt_u8 * {aka const unsigned char *}' but argument is of type 'const alt_u8 (*)[5404] {aka const unsigned char (*)[5404]}'
 int vid_print_string(int horiz_offset, int vert_offset, int color, const alt_u8 *font, const alt_u16 (*font_descriptor)[2], char string[]);
     ^
graphics/gui.c:146:51: warning: passing argument 5 of 'vid_print_string' from incompatible pointer type [-Wincompatible-pointer-types]
  vid_print_string(175,58,BLACK,&arial_22ptBitmaps,&arial_22ptDescriptors,"+");
                                                   ^
In file included from graphics/gui.h:15:0,
                 from graphics/gui.c:9:
graphics/simple_text.h:35:5: note: expected 'const alt_u16 (*)[2] {aka const short unsigned int (*)[2]}' but argument is of type 'const alt_u16 (*)[95][2] {aka const short unsigned int (*)[95][2]}'
 int vid_print_string(int horiz_offset, int vert_offset, int color, const alt_u8 *font, const alt_u16 (*font_descriptor)[2], char string[]);
     ^
graphics/gui.c:149:33: warning: passing argument 4 of 'vid_print_string' from incompatible pointer type [-Wincompatible-pointer-types]
  vid_print_string(244,194,BLACK,&arial_22ptBitmaps,&arial_22ptDescriptors,"@");
                                 ^
In file included from graphics/gui.h:15:0,
                 from graphics/gui.c:9:
graphics/simple_text.h:35:5: note: expected 'const alt_u8 * {aka const unsigned char *}' but argument is of type 'const alt_u8 (*)[5404] {aka const unsigned char (*)[5404]}'
 int vid_print_string(int horiz_offset, int vert_offset, int color, const alt_u8 *font, const alt_u16 (*font_descriptor)[2], char string[]);
     ^
graphics/gui.c:149:52: warning: passing argument 5 of 'vid_print_string' from incompatible pointer type [-Wincompatible-pointer-types]
  vid_print_string(244,194,BLACK,&arial_22ptBitmaps,&arial_22ptDescriptors,"@");
                                                    ^
In file included from graphics/gui.h:15:0,
                 from graphics/gui.c:9:
graphics/simple_text.h:35:5: note: expected 'const alt_u16 (*)[2] {aka const short unsigned int (*)[2]}' but argument is of type 'const alt_u16 (*)[95][2] {aka const short unsigned int (*)[95][2]}'
 int vid_print_string(int horiz_offset, int vert_offset, int color, const alt_u8 *font, const alt_u16 (*font_descriptor)[2], char string[]);
     ^
graphics/gui.c: In function 'draw_penta_on_off':
graphics/gui.c:164:33: warning: passing argument 4 of 'vid_print_string' from incompatible pointer type [-Wincompatible-pointer-types]
   vid_print_string(15,126,BLACK,&arial_22ptBitmaps,&arial_22ptDescriptors,"pentatonic on");
                                 ^
In file included from graphics/gui.h:15:0,
                 from graphics/gui.c:9:
graphics/simple_text.h:35:5: note: expected 'const alt_u8 * {aka const unsigned char *}' but argument is of type 'const alt_u8 (*)[5404] {aka const unsigned char (*)[5404]}'
 int vid_print_string(int horiz_offset, int vert_offset, int color, const alt_u8 *font, const alt_u16 (*font_descriptor)[2], char string[]);
     ^
graphics/gui.c:164:52: warning: passing argument 5 of 'vid_print_string' from incompatible pointer type [-Wincompatible-pointer-types]
   vid_print_string(15,126,BLACK,&arial_22ptBitmaps,&arial_22ptDescriptors,"pentatonic on");
                                                    ^
In file included from graphics/gui.h:15:0,
                 from graphics/gui.c:9:
graphics/simple_text.h:35:5: note: expected 'const alt_u16 (*)[2] {aka const short unsigned int (*)[2]}' but argument is of type 'const alt_u16 (*)[95][2] {aka const short unsigned int (*)[95][2]}'
 int vid_print_string(int horiz_offset, int vert_offset, int color, const alt_u8 *font, const alt_u16 (*font_descriptor)[2], char string[]);
     ^
graphics/gui.c:167:33: warning: passing argument 4 of 'vid_print_string' from incompatible pointer type [-Wincompatible-pointer-types]
   vid_print_string(15,126,BLACK,&arial_22ptBitmaps,&arial_22ptDescriptors,"pentatonic off");
                                 ^
In file included from graphics/gui.h:15:0,
                 from graphics/gui.c:9:
graphics/simple_text.h:35:5: note: expected 'const alt_u8 * {aka const unsigned char *}' but argument is of type 'const alt_u8 (*)[5404] {aka const unsigned char (*)[5404]}'
 int vid_print_string(int horiz_offset, int vert_offset, int color, const alt_u8 *font, const alt_u16 (*font_descriptor)[2], char string[]);
     ^
graphics/gui.c:167:52: warning: passing argument 5 of 'vid_print_string' from incompatible pointer type [-Wincompatible-pointer-types]
   vid_print_string(15,126,BLACK,&arial_22ptBitmaps,&arial_22ptDescriptors,"pentatonic off");
                                                    ^
In file included from graphics/gui.h:15:0,
                 from graphics/gui.c:9:
graphics/simple_text.h:35:5: note: expected 'const alt_u16 (*)[2] {aka const short unsigned int (*)[2]}' but argument is of type 'const alt_u16 (*)[95][2] {aka const short unsigned int (*)[95][2]}'
 int vid_print_string(int horiz_offset, int vert_offset, int color, const alt_u8 *font, const alt_u16 (*font_descriptor)[2], char string[]);
     ^
graphics/gui.c: In function 'draw_display_ton':
graphics/gui.c:183:33: warning: passing argument 4 of 'vid_print_string' from incompatible pointer type [-Wincompatible-pointer-types]
  vid_print_string(244,189,BLACK,&arial_22ptBitmaps,&arial_22ptDescriptors,"@");
                                 ^
In file included from graphics/gui.h:15:0,
                 from graphics/gui.c:9:
graphics/simple_text.h:35:5: note: expected 'const alt_u8 * {aka const unsigned char *}' but argument is of type 'const alt_u8 (*)[5404] {aka const unsigned char (*)[5404]}'
 int vid_print_string(int horiz_offset, int vert_offset, int color, const alt_u8 *font, const alt_u16 (*font_descriptor)[2], char string[]);
     ^
graphics/gui.c:183:52: warning: passing argument 5 of 'vid_print_string' from incompatible pointer type [-Wincompatible-pointer-types]
  vid_print_string(244,189,BLACK,&arial_22ptBitmaps,&arial_22ptDescriptors,"@");
                                                    ^
In file included from graphics/gui.h:15:0,
                 from graphics/gui.c:9:
graphics/simple_text.h:35:5: note: expected 'const alt_u16 (*)[2] {aka const short unsigned int (*)[2]}' but argument is of type 'const alt_u16 (*)[95][2] {aka const short unsigned int (*)[95][2]}'
 int vid_print_string(int horiz_offset, int vert_offset, int color, const alt_u8 *font, const alt_u16 (*font_descriptor)[2], char string[]);
     ^
graphics/gui.c: In function 'draw_display_ton_update':
graphics/gui.c:199:73: warning: passing argument 4 of 'vid_print_string' from incompatible pointer type [-Wincompatible-pointer-types]
   vid_print_string(160 - get_string_width(penta_string[index]),35,BLACK,&arial_22ptBitmaps,&arial_22ptDescriptors,&display_string);
                                                                         ^
In file included from graphics/gui.h:15:0,
                 from graphics/gui.c:9:
graphics/simple_text.h:35:5: note: expected 'const alt_u8 * {aka const unsigned char *}' but argument is of type 'const alt_u8 (*)[5404] {aka const unsigned char (*)[5404]}'
 int vid_print_string(int horiz_offset, int vert_offset, int color, const alt_u8 *font, const alt_u16 (*font_descriptor)[2], char string[]);
     ^
graphics/gui.c:199:92: warning: passing argument 5 of 'vid_print_string' from incompatible pointer type [-Wincompatible-pointer-types]
   vid_print_string(160 - get_string_width(penta_string[index]),35,BLACK,&arial_22ptBitmaps,&arial_22ptDescriptors,&display_string);
                                                                                            ^
In file included from graphics/gui.h:15:0,
                 from graphics/gui.c:9:
graphics/simple_text.h:35:5: note: expected 'const alt_u16 (*)[2] {aka const short unsigned int (*)[2]}' but argument is of type 'const alt_u16 (*)[95][2] {aka const short unsigned int (*)[95][2]}'
 int vid_print_string(int horiz_offset, int vert_offset, int color, const alt_u8 *font, const alt_u16 (*font_descriptor)[2], char string[]);
     ^
graphics/gui.c:199:115: warning: passing argument 6 of 'vid_print_string' from incompatible pointer type [-Wincompatible-pointer-types]
   vid_print_string(160 - get_string_width(penta_string[index]),35,BLACK,&arial_22ptBitmaps,&arial_22ptDescriptors,&display_string);
                                                                                                                   ^
In file included from graphics/gui.h:15:0,
                 from graphics/gui.c:9:
graphics/simple_text.h:35:5: note: expected 'char *' but argument is of type 'char (*)[4]'
 int vid_print_string(int horiz_offset, int vert_offset, int color, const alt_u8 *font, const alt_u16 (*font_descriptor)[2], char string[]);
     ^
graphics/gui.c:204:71: warning: passing argument 4 of 'vid_print_string' from incompatible pointer type [-Wincompatible-pointer-types]
   vid_print_string(160 - get_string_width(ton_string[index]),35,BLACK,&arial_22ptBitmaps,&arial_22ptDescriptors,&display_string);
                                                                       ^
In file included from graphics/gui.h:15:0,
                 from graphics/gui.c:9:
graphics/simple_text.h:35:5: note: expected 'const alt_u8 * {aka const unsigned char *}' but argument is of type 'const alt_u8 (*)[5404] {aka const unsigned char (*)[5404]}'
 int vid_print_string(int horiz_offset, int vert_offset, int color, const alt_u8 *font, const alt_u16 (*font_descriptor)[2], char string[]);
     ^
graphics/gui.c:204:90: warning: passing argument 5 of 'vid_print_string' from incompatible pointer type [-Wincompatible-pointer-types]
   vid_print_string(160 - get_string_width(ton_string[index]),35,BLACK,&arial_22ptBitmaps,&arial_22ptDescriptors,&display_string);
                                                                                          ^
In file included from graphics/gui.h:15:0,
                 from graphics/gui.c:9:
graphics/simple_text.h:35:5: note: expected 'const alt_u16 (*)[2] {aka const short unsigned int (*)[2]}' but argument is of type 'const alt_u16 (*)[95][2] {aka const short unsigned int (*)[95][2]}'
 int vid_print_string(int horiz_offset, int vert_offset, int color, const alt_u8 *font, const alt_u16 (*font_descriptor)[2], char string[]);
     ^
graphics/gui.c:204:113: warning: passing argument 6 of 'vid_print_string' from incompatible pointer type [-Wincompatible-pointer-types]
   vid_print_string(160 - get_string_width(ton_string[index]),35,BLACK,&arial_22ptBitmaps,&arial_22ptDescriptors,&display_string);
                                                                                                                 ^
In file included from graphics/gui.h:15:0,
                 from graphics/gui.c:9:
graphics/simple_text.h:35:5: note: expected 'char *' but argument is of type 'char (*)[4]'
 int vid_print_string(int horiz_offset, int vert_offset, int color, const alt_u8 *font, const alt_u16 (*font_descriptor)[2], char string[]);
     ^
Info: Compiling graphics/simple_text.c to obj/default/graphics/simple_text.o
nios2-elf-gcc -xc -MP -MMD -c -I../digital_Theremin_bsp//HAL/inc -I../digital_Theremin_bsp/ -I../digital_Theremin_bsp//drivers/inc -Iaudio -Igraphics -Itouch  -pipe -D__hal__ -DALT_NO_INSTRUCTION_EMULATION -DALT_SINGLE_THREADED    -O0 -g -Wall   -mhw-div -mhw-mul -mno-hw-mulx -mgpopt=global  -o obj/default/graphics/simple_text.o graphics/simple_text.c
graphics/simple_text.c: In function 'vid_print_char':
graphics/simple_text.c:103:16: warning: assignment discards 'const' qualifier from pointer target type [-Wdiscarded-qualifiers]
       char_row = font + (row_offset) + i*byte_offset;//i*4 arial
                ^
Info: Compiling hello_world.c to obj/default/hello_world.o
nios2-elf-gcc -xc -MP -MMD -c -I../digital_Theremin_bsp//HAL/inc -I../digital_Theremin_bsp/ -I../digital_Theremin_bsp//drivers/inc -Iaudio -Igraphics -Itouch  -pipe -D__hal__ -DALT_NO_INSTRUCTION_EMULATION -DALT_SINGLE_THREADED    -O0 -g -Wall   -mhw-div -mhw-mul -mno-hw-mulx -mgpopt=global  -o obj/default/hello_world.o hello_world.c
hello_world.c: In function 'alarm_callback':
hello_world.c:65:17: warning: assignment makes pointer from integer without a cast [-Wint-conversion]
  return context = 50;
                 ^
hello_world.c:65:9: warning: return makes integer from pointer without a cast [-Wint-conversion]
  return context = 50;
         ^
hello_world.c: In function 'alarm_callback_vol':
hello_world.c:71:9: warning: format '%d' expects argument of type 'int', but argument 2 has type 'alt_u32 {aka long unsigned int}' [-Wformat=]
  printf("freq vol gen %d\n", read_vol_db_gain());
         ^
hello_world.c:71:9: warning: format '%d' expects argument of type 'int', but argument 2 has type 'alt_u32 {aka long unsigned int}' [-Wformat=]
hello_world.c:73:17: warning: assignment makes pointer from integer without a cast [-Wint-conversion]
  return context = 50;
                 ^
hello_world.c:73:9: warning: return makes integer from pointer without a cast [-Wint-conversion]
  return context = 50;
         ^
hello_world.c: In function 'main':
hello_world.c:218:13: warning: format '%d' expects argument of type 'int', but argument 2 has type 'alt_u32 {aka long unsigned int}' [-Wformat=]
      printf("freq pitch %d\n", read_freq_pitch());
             ^
hello_world.c:218:13: warning: format '%d' expects argument of type 'int', but argument 2 has type 'alt_u32 {aka long unsigned int}' [-Wformat=]
hello_world.c:219:13: warning: format '%d' expects argument of type 'int', but argument 2 has type 'alt_u32 {aka long unsigned int}' [-Wformat=]
      printf("gli_delay register %d\n", read_delay_gli());
             ^
hello_world.c:219:13: warning: format '%d' expects argument of type 'int', but argument 2 has type 'alt_u32 {aka long unsigned int}' [-Wformat=]
hello_world.c:227:13: warning: format '%d' expects argument of type 'int', but argument 2 has type 'alt_u32 {aka long unsigned int}' [-Wformat=]
      printf("gli_delay register %d\n", read_delay_gli());
             ^
hello_world.c:227:13: warning: format '%d' expects argument of type 'int', but argument 2 has type 'alt_u32 {aka long unsigned int}' [-Wformat=]
hello_world.c:84:9: warning: unused variable 'glissando_on_off' [-Wunused-variable]
  alt_u8 glissando_on_off = 0;
         ^
Info: Compiling touch/touch_isr.c to obj/default/touch/touch_isr.o
nios2-elf-gcc -xc -MP -MMD -c -I../digital_Theremin_bsp//HAL/inc -I../digital_Theremin_bsp/ -I../digital_Theremin_bsp//drivers/inc -Iaudio -Igraphics -Itouch  -pipe -D__hal__ -DALT_NO_INSTRUCTION_EMULATION -DALT_SINGLE_THREADED    -O0 -g -Wall   -mhw-div -mhw-mul -mno-hw-mulx -mgpopt=global  -o obj/default/touch/touch_isr.o touch/touch_isr.c
touch/touch_isr.c: In function 'touch_isr':
touch/touch_isr.c:41:9: warning: unused variable 'data8' [-Wunused-variable]
  alt_u8 data8;
         ^
Info: Linking digital_Theremin.elf
nios2-elf-g++  -T'../digital_Theremin_bsp//linker.x' -msys-crt0='../digital_Theremin_bsp//obj/HAL/src/crt0.o' -msys-lib=hal_bsp -L../digital_Theremin_bsp/   -Wl,-Map=digital_Theremin.map   -O0 -g -Wall   -mhw-div -mhw-mul -mno-hw-mulx -mgpopt=global  -o digital_Theremin.elf obj/default/audio/audio.o obj/default/graphics/bahnschriftCondensed_22.o obj/default/graphics/gui.o obj/default/graphics/simple_text.o obj/default/hello_world.o obj/default/touch/touch_isr.o -lm -msys-lib=m
nios2-elf-insert digital_Theremin.elf --thread_model hal --cpu_name cpu --qsys true --simulation_enabled false --id 1 --sidp 0xa0010c8 --timestamp 1596451401 --stderr_dev jtag --stdin_dev jtag --stdout_dev jtag --sopc_system_name digital_theremin --quartus_project_dir "D:/GitHub/Projekt6/DigitalTheremin/DigitalThereminP6/quartus_theremin" --jdi ../..//output_files/digital_theremin.jdi --sopcinfo D:/GitHub/Projekt6/DigitalTheremin/DigitalThereminP6/quartus_theremin/digital_theremin.sopcinfo
Info: (digital_Theremin.elf) 92 KBytes program size (code + initialized data).
Info:                        65443 KBytes free for stack + heap.
Info: Creating digital_Theremin.objdump
nios2-elf-objdump --disassemble --syms --all-header --source digital_Theremin.elf >digital_Theremin.objdump
[digital_Theremin build complete]
13:02:59 **** Incremental Build of configuration Nios II for project digital_Theremin ****
make all 
Info: Building ../digital_Theremin_bsp/
C:/intelFPGA/17.1/nios2eds/bin/gnu/H-x86_64-mingw32/bin/make --no-print-directory -C ../digital_Theremin_bsp/
[BSP build complete]
[digital_Theremin build complete]
